<?xml version="1.0" encoding="UTF-8"?>
<!-- Generated by org.testng.reporters.JUnitReportReporter -->
<testsuite skipped="0" hostname="DESKTOP-2E5HKGD" name="base.openBrowser" tests="1" failures="0" timestamp="13 Apr 2018 07:18:17 GMT" time="112.305" errors="0">
  <testcase name="openbrowser" time="112.305" classname="base.openBrowser"/>
</testsuite> <!-- base.openBrowser -->
