<?xml version="1.0" encoding="UTF-8"?>
<!-- Generated by org.testng.reporters.JUnitReportReporter -->
<testsuite skipped="0" hostname="DESKTOP-2E5HKGD" name="testcase.Testcase" tests="1" failures="0" timestamp="20 Apr 2018 08:45:14 GMT" time="83.359" errors="0">
  <testcase name="test" time="83.359" classname="testcase.Testcase"/>
</testsuite> <!-- testcase.Testcase -->
