<?xml version="1.0" encoding="UTF-8"?>
<!-- Generated by org.testng.reporters.JUnitReportReporter -->
<testsuite skipped="0" hostname="DESKTOP-2E5HKGD" name="com.inetbanking.testCases.TC_001_WebPage" tests="1" failures="0" timestamp="22 May 2020 17:15:57 GMT" time="0.213" errors="0">
  <testcase name="pageopen" time="0.213" classname="com.inetbanking.testCases.TC_001_WebPage"/>
</testsuite> <!-- com.inetbanking.testCases.TC_001_WebPage -->
