<?xml version="1.0" encoding="UTF-8"?>
<!-- Generated by org.testng.reporters.JUnitReportReporter -->
<testsuite skipped="0" hostname="DESKTOP-2E5HKGD" name="testcase.TC_002" tests="1" failures="0" timestamp="04 Jul 2020 08:42:28 GMT" time="130.735" errors="0">
  <testcase name="tc_002" time="130.735" classname="testcase.TC_002"/>
</testsuite> <!-- testcase.TC_002 -->
